<?xml version="1.0" encoding="UTF-8"?>
<testsuite name="com.example.accessingdatamysql.AccessingDataMysqlApplicationTests" tests="1" skipped="0" failures="0" errors="0" timestamp="2023-07-26T18:17:35" hostname="Stephanies-MacBook-Pro.local" time="0.608">
  <properties/>
  <testcase name="contextLoads()" classname="com.example.accessingdatamysql.AccessingDataMysqlApplicationTests" time="0.608"/>
  <system-out><![CDATA[
  .   ____          _            __ _ _
 /\\ / ___'_ __ _ _(_)_ __  __ _ \ \ \ \
( ( )\___ | '_ | '_| | '_ \/ _` | \ \ \ \
 \\/  ___)| |_)| | | | | || (_| |  ) ) ) )
  '  |____| .__|_| |_|_| |_\__, | / / / /
 =========|_|==============|___/=/_/_/_/
 :: Spring Boot ::                (v3.1.1)

2023-07-26T20:17:35.648+02:00  INFO 59614 --- [    Test worker] c.e.a.AccessingDataMysqlApplicationTests : Starting AccessingDataMysqlApplicationTests using Java 20.0.1 with PID 59614 (started by stephaniedinu in /Users/stephaniedinu/Desktop/IdeaProjects/swd-accessing-data-mysql)
2023-07-26T20:17:35.650+02:00  INFO 59614 --- [    Test worker] c.e.a.AccessingDataMysqlApplicationTests : No active profile set, falling back to 1 default profile: "default"
2023-07-26T20:17:35.730+02:00  INFO 59614 --- [    Test worker] c.e.a.AccessingDataMysqlApplicationTests : Started AccessingDataMysqlApplicationTests in 0.25 seconds (process running for 1.021)
]]></system-out>
  <system-err><![CDATA[]]></system-err>
</testsuite>
